<?xml version="1.0" encoding="UTF-8"?>
<testng-results total="11" passed="11" failed="0" skipped="0">
  <reporter-output>
  </reporter-output>
  <suite started-at="2021-09-26T18:10:10Z" name="Default suite" finished-at="2021-09-26T18:19:35Z" duration-ms="565169">
    <groups>
    </groups>
    <test started-at="2021-09-26T18:10:10Z" name="Default test" finished-at="2021-09-26T18:19:35Z" duration-ms="565169">
      <class name="com.urbanladder.runner.TestRunner">
        <test-method signature="homepageliving()[pri:0, instance:com.urbanladder.runner.TestRunner@13330ac6]" started-at="2021-09-26T23:40:10Z" name="homepageliving" finished-at="2021-09-26T23:40:47Z" duration-ms="36322" status="PASS">
          <reporter-output>
          </reporter-output>
        </test-method> <!-- homepageliving -->
        <test-method signature="SearchBox()[pri:0, instance:com.urbanladder.runner.TestRunner@13330ac6]" started-at="2021-09-26T23:40:47Z" name="SearchBox" finished-at="2021-09-26T23:41:25Z" duration-ms="38709" status="PASS">
          <reporter-output>
          </reporter-output>
        </test-method> <!-- SearchBox -->
        <test-method signature="Stores()[pri:0, instance:com.urbanladder.runner.TestRunner@13330ac6]" started-at="2021-09-26T23:41:25Z" name="Stores" finished-at="2021-09-26T23:42:06Z" duration-ms="41155" status="PASS">
          <reporter-output>
          </reporter-output>
        </test-method> <!-- Stores -->
        <test-method signature="homepagestudy()[pri:0, instance:com.urbanladder.runner.TestRunner@13330ac6]" started-at="2021-09-26T23:42:06Z" name="homepagestudy" finished-at="2021-09-26T23:42:47Z" duration-ms="40607" status="PASS">
          <reporter-output>
          </reporter-output>
        </test-method> <!-- homepagestudy -->
        <test-method signature="footerpage()[pri:0, instance:com.urbanladder.runner.TestRunner@13330ac6]" started-at="2021-09-26T23:42:47Z" name="footerpage" finished-at="2021-09-26T23:43:14Z" duration-ms="26542" status="PASS">
          <reporter-output>
          </reporter-output>
        </test-method> <!-- footerpage -->
        <test-method signature="dining()[pri:0, instance:com.urbanladder.runner.TestRunner@13330ac6]" started-at="2021-09-26T23:43:14Z" name="dining" finished-at="2021-09-26T23:44:30Z" duration-ms="76622" status="PASS">
          <reporter-output>
          </reporter-output>
        </test-method> <!-- dining -->
        <test-method signature="addtocart()[pri:0, instance:com.urbanladder.runner.TestRunner@13330ac6]" started-at="2021-09-26T23:44:30Z" name="addtocart" finished-at="2021-09-26T23:45:34Z" duration-ms="64148" status="PASS">
          <reporter-output>
          </reporter-output>
        </test-method> <!-- addtocart -->
        <test-method signature="Recommend()[pri:0, instance:com.urbanladder.runner.TestRunner@13330ac6]" started-at="2021-09-26T23:45:34Z" name="Recommend" finished-at="2021-09-26T23:46:33Z" duration-ms="59014" status="PASS">
          <reporter-output>
          </reporter-output>
        </test-method> <!-- Recommend -->
        <test-method signature="promotions()[pri:0, instance:com.urbanladder.runner.TestRunner@13330ac6]" started-at="2021-09-26T23:46:33Z" name="promotions" finished-at="2021-09-26T23:48:04Z" duration-ms="90107" status="PASS">
          <reporter-output>
          </reporter-output>
        </test-method> <!-- promotions -->
        <test-method signature="checkout(java.lang.String, java.lang.String, java.lang.String, java.lang.String, java.lang.String, java.lang.String)[pri:0, instance:com.urbanladder.runner.TestRunner@13330ac6]" started-at="2021-09-26T23:48:05Z" name="checkout" data-provider="data" finished-at="2021-09-26T23:48:50Z" duration-ms="45607" status="PASS">
          <params>
            <param index="0">
              <value>
                <![CDATA[manasa@gmail.com]]>
              </value>
            </param>
            <param index="1">
              <value>
                <![CDATA[500061]]>
              </value>
            </param>
            <param index="2">
              <value>
                <![CDATA[;LJDN]]>
              </value>
            </param>
            <param index="3">
              <value>
                <![CDATA[LAKCB]]>
              </value>
            </param>
            <param index="4">
              <value>
                <![CDATA[ALSKBC]]>
              </value>
            </param>
            <param index="5">
              <value>
                <![CDATA[87554443]]>
              </value>
            </param>
          </params>
          <reporter-output>
          </reporter-output>
        </test-method> <!-- checkout -->
        <test-method signature="checkout(java.lang.String, java.lang.String, java.lang.String, java.lang.String, java.lang.String, java.lang.String)[pri:0, instance:com.urbanladder.runner.TestRunner@13330ac6]" started-at="2021-09-26T23:48:50Z" name="checkout" data-provider="data" finished-at="2021-09-26T23:49:35Z" duration-ms="45047" status="PASS">
          <params>
            <param index="0">
              <value>
                <![CDATA[mmHD@gmail.cp,m]]>
              </value>
            </param>
            <param index="1">
              <value>
                <![CDATA[500061]]>
              </value>
            </param>
            <param index="2">
              <value>
                <![CDATA[wsv]]>
              </value>
            </param>
            <param index="3">
              <value>
                <![CDATA[vwf]]>
              </value>
            </param>
            <param index="4">
              <value>
                <![CDATA[wevc]]>
              </value>
            </param>
            <param index="5">
              <value>
                <![CDATA[89765498]]>
              </value>
            </param>
          </params>
          <reporter-output>
          </reporter-output>
        </test-method> <!-- checkout -->
      </class> <!-- com.urbanladder.runner.TestRunner -->
    </test> <!-- Default test -->
  </suite> <!-- Default suite -->
</testng-results>
